<?xml version="1.0" encoding="UTF-8" ?>
<testsuite tests="9" failures="0" name="runCukes.HotelDetailsTest" time="13.481" errors="1" skipped="0">
  <properties>
[...]
</properties>
  <testcase classname="As a user i want to fetch Hotel Details for a given city" name="Verify the valid image display to each hotel in response" time="9.008"/>
  <testcase classname="As a user i want to fetch Hotel Details for a given city" name="Verify the number of Hotel response as per the request" time="1.028"/>
  <testcase classname="As a user i want to fetch Hotel Details for a given city" name="Verify the number of Hotel response as per the request" time="0.451"/>
  <testcase classname="As a user i want to fetch Hotel Details for a given city" name="Verify the hotel name in arabic language" time="0.417"/>
  <testcase classname="As a user i want to fetch Hotel Details for a given city" name="Verify the hotel name in arabic language" time="0.973">
    <error message="For input string: &quot;&quot;" type="java.lang.NumberFormatException">java.lang.NumberFormatException: For input string: &quot;&quot;
	at java.lang.NumberFormatException.forInputString(NumberFormatException.java:65)
	at java.lang.Integer.parseInt(Integer.java:592)
	at java.lang.Integer.parseInt(Integer.java:615)
	at com.tajawal.step.definition.HotelDetailsSteps.validatePageSizeInResponse(HotelDetailsSteps.java:61)
	at ✽.Validate pagesize &quot;&quot; in response(file:src/main/resources/features/HotelDetails.feature:29)
</error>
    <system-out>
  @TC_HotelDetails
  Scenario Outline: Verify the hotel name in arabic language       &amp;#27;[90m# src/main/resources/features/HotelDetails.feature:34&amp;#27;[0m
CHENNAI
STAGING
HEADERS : {token=s73827732j9$872u3lkNp}
{
    &quot;sortBy&quot;: &quot;priority&quot;,
    &quot;distanceShow&quot;: true,
    &quot;countryCode&quot;: &quot;IN&quot;,
    &quot;hotels&quot;: {
        &quot;1134481&quot;: {
            &quot;atgHotelId&quot;: 1134481,
            &quot;chainBrandId&quot;: 513,
            &quot;hotelChainId&quot;: 257,
            &quot;propertyTypeId&quot;: 17,
            &quot;name&quot;: {
                &quot;en&quot;: &quot;Raj Palace&quot;,
                &quot;ar&quot;: &quot;??? ?????&quot;
            },
            &quot;starRating&quot;: 3,
            &quot;thumbnailUrl&quot;: &quot;https://hotelcmsimages.s3-eu-west-1.amazonaws.com/hotel/hotels/7000000/6090000/6083900/6083878/60c1b887_z.jpg&quot;,
            &quot;area&quot;: {
                &quot;id&quot;: 12161,
                &quot;nameEn&quot;: &quot;Parthasarathy Puram&quot;,
                &quot;nameAr&quot;: &quot;Parthasarathy Puram&quot;
            },
            &quot;rank&quot;: 769,
            &quot;longitude&quot;: 80.239562,
            &quot;latitude&quot;: 13.037357,
            &quot;distance&quot;: 6.1,
            &quot;distanceInMeters&quot;: 6067.0,
            &quot;address&quot;: {
                &quot;en&quot;: &quot;12/1, Thanikachalam Road, T.Nagar&quot;,
                &quot;ar&quot;: &quot;12/1, Thanikachalam Road, T.Nagar&quot;
            },
            &quot;distanceScore&quot;: 0.865178,
            &quot;priorityScore&quot;: 0.3845,
            &quot;similarityScore&quot;: 0.0,
            &quot;facilityIds&quot;: [
                5,
                54,
                55,
                65,
                66,
                69,
                70,
                76,
                77,
                80,
                85,
                94,
                97,
                98,
                99,
                100,
                101,
                103,
                125,
                8000,
                8007,
                8008,
                8010,
                8011,
                8023
            ],
            &quot;review&quot;: {
                &quot;hotelId&quot;: 1134481,
                &quot;count&quot;: 368,
                &quot;name&quot;: &quot;Raj Palace Hotel&quot;,
                &quot;sourcesCount&quot;: 12,
                &quot;score&quot;: 8.4,
                &quot;scoreDescription&quot;: {
                    &quot;en&quot;: &quot;Very good&quot;,
                    &quot;ar&quot;: &quot;??? ???&quot;
                },
                &quot;scoreColor&quot;: &quot;#71BC4C&quot;
            },
            &quot;topPicks&quot;: null
        },
        &quot;1036813&quot;: {
            &quot;atgHotelId&quot;: 1036813,
            &quot;chainBrandId&quot;: 117,
            &quot;hotelChainId&quot;: 181,
            &quot;propertyTypeId&quot;: 17,
            &quot;name&quot;: {
                &quot;en&quot;: &quot;Hyatt Regency Chennai&quot;,
                &quot;ar&quot;: &quot;???? ???? ?????? ??????&quot;
            },
            &quot;starRating&quot;: 5,
            &quot;thumbnailUrl&quot;: &quot;https://s3-eu-west-1.amazonaws.com/tjwlhotelcms/hotel_cms_data_live/hotel_images/4100585/0_1.jpg&quot;,
            &quot;area&quot;: {
                &quot;id&quot;: 12167,
                &quot;nameEn&quot;: &quot;Teynampet&quot;,
                &quot;nameAr&quot;: &quot;???????&quot;
            },
            &quot;rank&quot;: 809,
            &quot;longitude&quot;: 80.247793,
            &quot;latitude&quot;: 13.043089,
            &quot;distance&quot;: 5.1,
            &quot;distanceInMeters&quot;: 5056.0,
            &quot;address&quot;: {
                &quot;en&quot;: &quot;365 Anna Salai, Teynampet, 600018 Chennai, India&quot;,
                &quot;ar&quot;: &quot;(???????, ?????)  365 Anna Salai, Teynampet, 600018&quot;
            },
            &quot;distanceScore&quot;: 0.887644,
            &quot;priorityScore&quot;: 0.4045,
            &quot;similarityScore&quot;: 0.0,
            &quot;facilityIds&quot;: [
                5,
                23,
                37,
                38,
                42,
                43,
                46,
                49,
                51,
                54,
                55,
                57,
                62,
                63,
                65,
                66,
                67,
                69,
                70,
                76,
                77,
                80,
                82,
                85,
                88,
                97,
                98,
                99,
                101,
                103,
                108,
                120,
                8000,
                8007,
                8008,
                8009,
                8010,
                8011,
                8023
            ],
            &quot;review&quot;: {
                &quot;hotelId&quot;: 1036813,
                &quot;count&quot;: 5625,
                &quot;name&quot;: &quot;Hyatt Regency Chennai&quot;,
                &quot;sourcesCount&quot;: 25,
                &quot;score&quot;: 8.7,
                &quot;scoreDescription&quot;: {
                    &quot;en&quot;: &quot;Excellent&quot;,
                    &quot;ar&quot;: &quot;?????&quot;
                },
                &quot;scoreColor&quot;: &quot;#129911&quot;
            },
            &quot;topPicks&quot;: null
        },
        &quot;1403665&quot;: {
            &quot;atgHotelId&quot;: 1403665,
            &quot;chainBrandId&quot;: 3,
            &quot;hotelChainId&quot;: 9,
            &quot;propertyTypeId&quot;: 17,
            &quot;name&quot;: {
                &quot;en&quot;: &quot;ibis Chennai City Centre - An AccorHotels Brand&quot;,
                &quot;ar&quot;: &quot;????? ????? ???? ????  - ?? ???? ????? ?????&quot;
            },
            &quot;starRating&quot;: 3,
            &quot;thumbnailUrl&quot;: &quot;https://s3-eu-west-1.amazonaws.com/tjwlhotelcms/hotel_cms_data_live/hotel_images/6398476/60533034.jpg&quot;,
            &quot;area&quot;: {
                &quot;id&quot;: 12189,
                &quot;nameEn&quot;: &quot;Thousand Lights&quot;,
                &quot;nameAr&quot;: &quot;??????? ?????&quot;
            },
            &quot;rank&quot;: 787,
            &quot;longitude&quot;: 80.257117,
            &quot;latitude&quot;: 13.057147,
            &quot;distance&quot;: 3.2,
            &quot;distanceInMeters&quot;: 3199.8,
            &quot;address&quot;: {
                &quot;en&quot;: &quot;689 Anna Salai Thousand Lights Mount Road, 600006 Chennai, India&quot;,
                &quot;ar&quot;: &quot;689 Anna Salai Thousand Lights Mount Road, 600006 (???????, ?????)&quot;
            },
            &quot;distanceScore&quot;: 0.928893,
            &quot;priorityScore&quot;: 0.3935,
            &quot;similarityScore&quot;: 0.0,
            &quot;facilityIds&quot;: [
                5,
                38,
                54,
                55,
                59,
                62,
                65,
                67,
                69,
                70,
                77,
                85,
                87,
                94,
                97,
                99,
                101,
                103,
                8000,
                8002,
                8007,
                8008,
                8009,
                8010,
                8011,
                8023
            ],
            &quot;review&quot;: {
                &quot;hotelId&quot;: 1403665,
                &quot;count&quot;: 6277,
                &quot;name&quot;: &quot;ibis Chennai City Centre&quot;,
                &quot;sourcesCount&quot;: 18,
                &quot;score&quot;: 8.4,
                &quot;scoreDescription&quot;: {
                    &quot;en&quot;: &quot;Very good&quot;,
                    &quot;ar&quot;: &quot;??? ???&quot;
                },
                &quot;scoreColor&quot;: &quot;#71BC4C&quot;
            },
            &quot;topPicks&quot;: null
        },
        &quot;1086488&quot;: {
            &quot;atgHotelId&quot;: 1086488,
            &quot;chainBrandId&quot;: 256,
            &quot;hotelChainId&quot;: 83,
            &quot;propertyTypeId&quot;: 17,
            &quot;name&quot;: {
                &quot;en&quot;: &quot;Trident, Chennai&quot;,
                &quot;ar&quot;: &quot;???????? ??????&quot;
            },
            &quot;starRating&quot;: 5,
            &quot;thumbnailUrl&quot;: &quot;https://s3-eu-west-1.amazonaws.com/tjwlhotelcms/hotel_cms_data_live/hotel_images/4316502/1_1.jpg&quot;,
            &quot;area&quot;: {
                &quot;id&quot;: 12011,
                &quot;nameEn&quot;: &quot;Nanganallur&quot;,
                &quot;nameAr&quot;: &quot;??????????&quot;
            },
            &quot;rank&quot;: 796,
            &quot;longitude&quot;: 80.186068,
            &quot;latitude&quot;: 12.994219,
            &quot;distance&quot;: 13.0,
            &quot;distanceInMeters&quot;: 13451.7,
            &quot;address&quot;: {
                &quot;en&quot;: &quot;1/24 G.S.T Road, 600027 Chennai, India&quot;,
                &quot;ar&quot;: &quot;1/24 G.S.T Road, 600027 (???????, ?????)&quot;
            },
            &quot;distanceScore&quot;: 0.701073,
            &quot;priorityScore&quot;: 0.398,
            &quot;similarityScore&quot;: 0.0,
            &quot;facilityIds&quot;: [
                2,
                5,
                38,
                42,
                46,
                54,
                55,
                57,
                63,
                65,
                67,
                69,
                70,
                76,
                77,
                82,
                84,
                85,
                87,
                97,
                99,
                103,
                108,
                120,
                122,
                8000,
                8002,
                8007,
                8008,
                8009,
                8010,
                8011,
                8023
            ],
            &quot;review&quot;: {
                &quot;hotelId&quot;: 1086488,
                &quot;count&quot;: 3136,
                &quot;name&quot;: &quot;Trident Chennai&quot;,
                &quot;sourcesCount&quot;: 28,
                &quot;score&quot;: 8.9,
                &quot;scoreDescription&quot;: {
                    &quot;en&quot;: &quot;Excellent&quot;,
                    &quot;ar&quot;: &quot;?????&quot;
                },
                &quot;scoreColor&quot;: &quot;#129911&quot;
            },
            &quot;topPicks&quot;: null
        },
        &quot;1380253&quot;: {
            &quot;atgHotelId&quot;: 1380253,
            &quot;chainBrandId&quot;: 189,
            &quot;hotelChainId&quot;: 135,
            &quot;propertyTypeId&quot;: 17,
            &quot;name&quot;: {
                &quot;en&quot;: &quot;Turyaa Chennai- OMR IT Expressway&quot;,
                &quot;ar&quot;: &quot;????? ?????? ?? ?? ?? - ?? ?? ?????? ???&quot;
            },
            &quot;starRating&quot;: 5,
            &quot;thumbnailUrl&quot;: &quot;https://s3-eu-west-1.amazonaws.com/tjwlhotelcms/hotel_cms_data_live/hotel_images/6216688/0_1.jpg&quot;,
            &quot;area&quot;: {
                &quot;id&quot;: 12015,
                &quot;nameEn&quot;: &quot;Perungudi&quot;,
                &quot;nameAr&quot;: &quot;?????????&quot;
            },
            &quot;rank&quot;: 769,
            &quot;longitude&quot;: 80.250459,
            &quot;latitude&quot;: 12.973636,
            &quot;distance&quot;: 12.0,
            &quot;distanceInMeters&quot;: 12325.6,
            &quot;address&quot;: {
                &quot;en&quot;: &quot;144/7, Rajiv Gandhi Salai (OMR), Kottivakkam, 600041 Chennai, India&quot;,
                &quot;ar&quot;: &quot;144/7, Rajiv Gandhi Salai (OMR), Kottivakkam, 600041 (???????, ?????)&quot;
            },
            &quot;distanceScore&quot;: 0.726098,
            &quot;priorityScore&quot;: 0.3845,
            &quot;similarityScore&quot;: 0.0,
            &quot;facilityIds&quot;: [
                2,
                5,
                42,
                43,
                46,
                51,
                54,
                55,
                57,
                63,
                65,
                67,
                69,
                70,
                76,
                77,
                80,
                85,
                94,
                97,
                99,
                101,
                103,
                108,
                112,
                8000,
                8002,
                8007,
                8008,
                8009,
                8010,
                8011,
                8023
            ],
            &quot;review&quot;: {
                &quot;hotelId&quot;: 1380253,
                &quot;count&quot;: 159,
                &quot;name&quot;: &quot;Turyaa Chennai&quot;,
                &quot;sourcesCount&quot;: 3,
                &quot;score&quot;: 8.2,
                &quot;scoreDescription&quot;: {
                    &quot;en&quot;: &quot;Very good&quot;,
                    &quot;ar&quot;: &quot;??? ???&quot;
                },
                &quot;scoreColor&quot;: &quot;#71BC4C&quot;
            },
            &quot;topPicks&quot;: null
        },
        &quot;1036804&quot;: {
            &quot;atgHotelId&quot;: 1036804,
            &quot;chainBrandId&quot;: 180,
            &quot;hotelChainId&quot;: 19,
            &quot;propertyTypeId&quot;: 17,
            &quot;name&quot;: {
                &quot;en&quot;: &quot;The Raintree, St. Mary&apos;s Road&quot;,
                &quot;ar&quot;: &quot;?? ???????? ???? ????? ???&quot;
            },
            &quot;starRating&quot;: 5,
            &quot;thumbnailUrl&quot;: &quot;https://hotelcmsimages.s3-eu-west-1.amazonaws.com/hotel/hotels/2000000/1360000/1354100/1354076/446eef6d_z.jpg&quot;,
            &quot;area&quot;: {
                &quot;id&quot;: 12168,
                &quot;nameEn&quot;: &quot;Alwarpet&quot;,
                &quot;nameAr&quot;: &quot;????????&quot;
            },
            &quot;rank&quot;: 796,
            &quot;longitude&quot;: 80.25269,
            &quot;latitude&quot;: 13.029021,
            &quot;distance&quot;: 6.3,
            &quot;distanceInMeters&quot;: 6279.9,
            &quot;address&quot;: {
                &quot;en&quot;: &quot;120 St. Mary&apos;s Road, Alwarpet&quot;,
                &quot;ar&quot;: &quot;120 St. Mary&apos;s Road, Alwarpet&quot;
            },
            &quot;distanceScore&quot;: 0.860447,
            &quot;priorityScore&quot;: 0.398,
            &quot;similarityScore&quot;: 0.0,
            &quot;facilityIds&quot;: [
                2,
                5,
                38,
                40,
                43,
                46,
                54,
                55,
                57,
                62,
                63,
                65,
                66,
                67,
                69,
                70,
                76,
                77,
                80,
                85,
                87,
                94,
                97,
                98,
                99,
                101,
                103,
                108,
                120,
                122,
                8002,
                8007,
                8008,
                8009,
                8010,
                8011
            ],
            &quot;review&quot;: {
                &quot;hotelId&quot;: 1036804,
                &quot;count&quot;: 2785,
                &quot;name&quot;: &quot;The Raintree, St Mary&apos;s Road&quot;,
                &quot;sourcesCount&quot;: 17,
                &quot;score&quot;: 8.8,
                &quot;scoreDescription&quot;: {
                    &quot;en&quot;: &quot;Excellent&quot;,
                    &quot;ar&quot;: &quot;?????&quot;
                },
                &quot;scoreColor&quot;: &quot;#129911&quot;
            },
            &quot;topPicks&quot;: null
        },
        &quot;1461018&quot;: {
            &quot;atgHotelId&quot;: 1461018,
            &quot;chainBrandId&quot;: 189,
            &quot;hotelChainId&quot;: 135,
            &quot;propertyTypeId&quot;: 17,
            &quot;name&quot;: {
                &quot;en&quot;: &quot;FEATHERS- A Radha Hotel&quot;,
                &quot;ar&quot;: &quot;?????? - ?? ???? ????&quot;
            },
            &quot;starRating&quot;: 5,
            &quot;thumbnailUrl&quot;: &quot;https://hotelcmsimages.s3-eu-west-1.amazonaws.com/hotel/hotels/16000000/15250000/15243800/15243779/f17918ee_z.jpg&quot;,
            &quot;area&quot;: {
                &quot;id&quot;: 12149,
                &quot;nameEn&quot;: &quot;Manapakkam&quot;,
                &quot;nameAr&quot;: &quot;????????&quot;
            },
            &quot;rank&quot;: 794,
            &quot;longitude&quot;: 80.181157,
            &quot;latitude&quot;: 13.022425,
            &quot;distance&quot;: 12.0,
            &quot;distanceInMeters&quot;: 11793.300000000001,
            &quot;address&quot;: {
                &quot;en&quot;: &quot;No. 4 / 129, Mount Poonamallee Road, Manapakkam&quot;,
                &quot;ar&quot;: &quot;No. 4 / 129, Mount Poonamallee Road, Manapakkam&quot;
            },
            &quot;distanceScore&quot;: 0.737927,
            &quot;priorityScore&quot;: 0.397,
            &quot;similarityScore&quot;: 0.0,
            &quot;facilityIds&quot;: [
                2,
                5,
                38,
                42,
                54,
                55,
                57,
                63,
                65,
                67,
                69,
                70,
                76,
                77,
                85,
                94,
                97,
                99,
                100,
                101,
                103,
                108,
                8000,
                8002,
                8007,
                8008,
                8011,
                8012,
                8016,
                8017,
                8023
            ],
            &quot;review&quot;: {
                &quot;hotelId&quot;: 1461018,
                &quot;count&quot;: 6451,
                &quot;name&quot;: &quot;Feathers A Radha Hotel&quot;,
                &quot;sourcesCount&quot;: 14,
                &quot;score&quot;: 8.7,
                &quot;scoreDescription&quot;: {
                    &quot;en&quot;: &quot;Excellent&quot;,
                    &quot;ar&quot;: &quot;?????&quot;
                },
                &quot;scoreColor&quot;: &quot;#129911&quot;
            },
            &quot;topPicks&quot;: null
        },
        &quot;1036803&quot;: {
            &quot;atgHotelId&quot;: 1036803,
            &quot;chainBrandId&quot;: 56,
            &quot;hotelChainId&quot;: 168,
            &quot;propertyTypeId&quot;: 17,
            &quot;name&quot;: {
                &quot;en&quot;: &quot;Courtyard by Marriott Chennai&quot;,
                &quot;ar&quot;: &quot;???????? ??? ?????? ?????&quot;
            },
            &quot;starRating&quot;: 4,
            &quot;thumbnailUrl&quot;: &quot;https://s3-eu-west-1.amazonaws.com/tjwlhotelcms/hotel_cms_data_live/hotel_images/4100507/0_1.jpg&quot;,
            &quot;area&quot;: {
                &quot;id&quot;: 12167,
                &quot;nameEn&quot;: &quot;Teynampet&quot;,
                &quot;nameAr&quot;: &quot;???????&quot;
            },
            &quot;rank&quot;: 786,
            &quot;longitude&quot;: 80.248139,
            &quot;latitude&quot;: 13.045902,
            &quot;distance&quot;: 4.8,
            &quot;distanceInMeters&quot;: 4766.4,
            &quot;address&quot;: {
                &quot;en&quot;: &quot;564, Anna Salai, Teynampet, T-Nagar, 600018 Chennai, India&quot;,
                &quot;ar&quot;: &quot;564, Anna Salai, Teynampet, T-Nagar, 600018 (???????, ?????)&quot;
            },
            &quot;distanceScore&quot;: 0.89408,
            &quot;priorityScore&quot;: 0.393,
            &quot;similarityScore&quot;: 0.0,
            &quot;facilityIds&quot;: [
                2,
                5,
                37,
                38,
                42,
                43,
                54,
                55,
                57,
                65,
                66,
                67,
                69,
                70,
                76,
                77,
                80,
                82,
                85,
                87,
                94,
                97,
                103,
                122,
                8007,
                8011
            ],
            &quot;review&quot;: {
                &quot;hotelId&quot;: 1036803,
                &quot;count&quot;: 2418,
                &quot;name&quot;: &quot;Courtyard by Marriott Chennai&quot;,
                &quot;sourcesCount&quot;: 19,
                &quot;score&quot;: 8.5,
                &quot;scoreDescription&quot;: {
                    &quot;en&quot;: &quot;Excellent&quot;,
                    &quot;ar&quot;: &quot;?????&quot;
                },
                &quot;scoreColor&quot;: &quot;#129911&quot;
            },
            &quot;topPicks&quot;: null
        },
        &quot;1036802&quot;: {
            &quot;atgHotelId&quot;: 1036802,
            &quot;chainBrandId&quot;: 180,
            &quot;hotelChainId&quot;: 19,
            &quot;propertyTypeId&quot;: 17,
            &quot;name&quot;: {
                &quot;en&quot;: &quot;Ambica Empire&quot;,
                &quot;ar&quot;: &quot;?????? ??????&quot;
            },
            &quot;starRating&quot;: 3,
            &quot;thumbnailUrl&quot;: &quot;https://s3-eu-west-1.amazonaws.com/tjwlhotelcms/hotel_cms_data_live/hotel_images/4100506/esd.jpg&quot;,
            &quot;area&quot;: {
                &quot;id&quot;: 12184,
                &quot;nameEn&quot;: &quot;Vadapalani&quot;,
                &quot;nameAr&quot;: &quot;??????????&quot;
            },
            &quot;rank&quot;: 769,
            &quot;longitude&quot;: 80.211401,
            &quot;latitude&quot;: 13.055878,
            &quot;distance&quot;: 7.1,
            &quot;distanceInMeters&quot;: 7084.7,
            &quot;address&quot;: {
                &quot;en&quot;: &quot;79, 100 Feet Road, Vadapalani, Chennai, India&quot;,
                &quot;ar&quot;: &quot;79, 100 Feet Road, Vadapalani (?????? ? ?????)&quot;
            },
            &quot;distanceScore&quot;: 0.842562,
            &quot;priorityScore&quot;: 0.3845,
            &quot;similarityScore&quot;: 0.0,
            &quot;facilityIds&quot;: [
                5,
                38,
                42,
                43,
                54,
                55,
                57,
                62,
                63,
                65,
                67,
                69,
                76,
                77,
                80,
                85,
                87,
                94,
                97,
                98,
                99,
                100,
                103
            ],
            &quot;review&quot;: {
                &quot;hotelId&quot;: 1036802,
                &quot;count&quot;: 2915,
                &quot;name&quot;: &quot;Ambica Empire&quot;,
                &quot;sourcesCount&quot;: 17,
                &quot;score&quot;: 7.9,
                &quot;scoreDescription&quot;: {
                    &quot;en&quot;: &quot;Very good&quot;,
                    &quot;ar&quot;: &quot;??? ???&quot;
                },
                &quot;scoreColor&quot;: &quot;#71BC4C&quot;
            },
            &quot;topPicks&quot;: null
        },
        &quot;1036801&quot;: {
            &quot;atgHotelId&quot;: 1036801,
            &quot;chainBrandId&quot;: 106,
            &quot;hotelChainId&quot;: 197,
            &quot;propertyTypeId&quot;: 17,
            &quot;name&quot;: {
                &quot;en&quot;: &quot;Hilton Chennai&quot;,
                &quot;ar&quot;: &quot;?????? ?????&quot;
            },
            &quot;starRating&quot;: 5,
            &quot;thumbnailUrl&quot;: &quot;https://s3-eu-west-1.amazonaws.com/tjwlhotelcms/hotel_cms_data_live/hotel_images/4100505/al_mosafer_1.jpg&quot;,
            &quot;area&quot;: {
                &quot;id&quot;: 12204,
                &quot;nameEn&quot;: &quot;Guindy&quot;,
                &quot;nameAr&quot;: &quot;??????&quot;
            },
            &quot;rank&quot;: 806,
            &quot;longitude&quot;: 80.205189,
            &quot;latitude&quot;: 13.016482,
            &quot;distance&quot;: 10.0,
            &quot;distanceInMeters&quot;: 10229.0,
            &quot;address&quot;: {
                &quot;en&quot;: &quot;124/1, J.N. Salai, Guindy, 600032 Chennai, India&quot;,
                &quot;ar&quot;: &quot;124/1, J.N. Salai, Guindy, 600032 (???????, ?????)&quot;
            },
            &quot;distanceScore&quot;: 0.772689,
            &quot;priorityScore&quot;: 0.403,
            &quot;similarityScore&quot;: 0.0,
            &quot;facilityIds&quot;: [
                5,
                23,
                38,
                42,
                51,
                55,
                57,
                62,
                63,
                65,
                67,
                69,
                70,
                76,
                77,
                80,
                85,
                87,
                94,
                97,
                99,
                100,
                101,
                103,
                108,
                109,
                120,
                122,
                8000,
                8002,
                8007,
                8008,
                8009,
                8010,
                8011,
                8023
            ],
            &quot;review&quot;: {
                &quot;hotelId&quot;: 1036801,
                &quot;count&quot;: 2894,
                &quot;name&quot;: &quot;Hilton Chennai&quot;,
                &quot;sourcesCount&quot;: 12,
                &quot;score&quot;: 8.8,
                &quot;scoreDescription&quot;: {
                    &quot;en&quot;: &quot;Excellent&quot;,
                    &quot;ar&quot;: &quot;?????&quot;
                },
                &quot;scoreColor&quot;: &quot;#129911&quot;
            },
            &quot;topPicks&quot;: null
        },
        &quot;1042560&quot;: {
            &quot;atgHotelId&quot;: 1042560,
            &quot;chainBrandId&quot;: 146,
            &quot;hotelChainId&quot;: 168,
            &quot;propertyTypeId&quot;: 17,
            &quot;name&quot;: {
                &quot;en&quot;: &quot;ITC Grand Chola, a Luxury Collection Hotel, Chennai&quot;,
                &quot;ar&quot;: &quot;?? ?? ?? ????? ?????? ??? ????? ?????? ??????? ??????&quot;
            },
            &quot;starRating&quot;: 5,
            &quot;thumbnailUrl&quot;: &quot;https://s3-eu-west-1.amazonaws.com/tjwlhotelcms/hotel_cms_data_live/hotel_images/4126985/ed_7.jpg&quot;,
            &quot;area&quot;: {
                &quot;id&quot;: 12173,
                &quot;nameEn&quot;: &quot;Little Mount&quot;,
                &quot;nameAr&quot;: &quot;???? ?????&quot;
            },
            &quot;rank&quot;: 823,
            &quot;longitude&quot;: 80.21999,
            &quot;latitude&quot;: 13.01181,
            &quot;distance&quot;: 9.6,
            &quot;distanceInMeters&quot;: 9610.0,
            &quot;address&quot;: {
                &quot;en&quot;: &quot;No. 63, Mount Road, Guindy, 600032 Chennai, India&quot;,
                &quot;ar&quot;: &quot;No. 63, Mount Road, Guindy, 600032 (???????, ?????)&quot;
            },
            &quot;distanceScore&quot;: 0.786444,
            &quot;priorityScore&quot;: 0.4115,
            &quot;similarityScore&quot;: 0.0,
            &quot;facilityIds&quot;: [
                2,
                5,
                37,
                38,
                40,
                42,
                43,
                46,
                51,
                55,
                57,
                62,
                63,
                65,
                66,
                67,
                69,
                70,
                75,
                76,
                77,
                80,
                85,
                87,
                94,
                97,
                99,
                101,
                103,
                120,
                8000,
                8002,
                8007,
                8008,
                8009,
                8010,
                8011,
                8023
            ],
            &quot;review&quot;: {
                &quot;hotelId&quot;: 1042560,
                &quot;count&quot;: 11319,
                &quot;name&quot;: &quot;ITC Grand Chola Chennai&quot;,
                &quot;sourcesCount&quot;: 25,
                &quot;score&quot;: 9.3,
                &quot;scoreDescription&quot;: {
                    &quot;en&quot;: &quot;Excellent&quot;,
                    &quot;ar&quot;: &quot;?????&quot;
                },
                &quot;scoreColor&quot;: &quot;#129911&quot;
            },
            &quot;topPicks&quot;: null
        },
        &quot;1036800&quot;: {
            &quot;atgHotelId&quot;: 1036800,
            &quot;chainBrandId&quot;: 185,
            &quot;hotelChainId&quot;: 85,
            &quot;propertyTypeId&quot;: 17,
            &quot;name&quot;: {
                &quot;en&quot;: &quot;Park Plaza Chennai OMR&quot;,
                &quot;ar&quot;: &quot;???? ????? ?????? ?? ?? ??&quot;
            },
            &quot;starRating&quot;: 5,
            &quot;thumbnailUrl&quot;: &quot;https://hotelcmsimages.s3-eu-west-1.amazonaws.com/hotel/hotels/3000000/2030000/2027700/2027637/10a8a8ea_z.jpg&quot;,
            &quot;area&quot;: {
                &quot;id&quot;: 11782,
                &quot;nameEn&quot;: &quot;Thoraipakkam&quot;,
                &quot;nameAr&quot;: &quot;?????????&quot;
            },
            &quot;rank&quot;: 767,
            &quot;longitude&quot;: 80.236524,
            &quot;latitude&quot;: 12.942378,
            &quot;distance&quot;: 16.0,
            &quot;distanceInMeters&quot;: 16039.1,
            &quot;address&quot;: {
                &quot;en&quot;: &quot;142, Rajiv Gandhi Salai, Thoraipakkam&quot;,
                &quot;ar&quot;: &quot;142, Rajiv Gandhi Salai, Thoraipakkam&quot;
            },
            &quot;distanceScore&quot;: 0.643576,
            &quot;priorityScore&quot;: 0.3835,
            &quot;similarityScore&quot;: 0.0,
            &quot;facilityIds&quot;: [
                37,
                38,
                54,
                55,
                59,
                62,
                63,
                65,
                67,
                77,
                80,
                85,
                87,
                97,
                99,
                108,
                8000,
                8002,
                8007,
                8008,
                8009,
                8010,
                8011,
                8023
            ],
            &quot;review&quot;: {
                &quot;hotelId&quot;: 1036800,
                &quot;count&quot;: 446,
                &quot;name&quot;: &quot;Park Plaza Chennai Omr&quot;,
                &quot;sourcesCount&quot;: 19,
                &quot;score&quot;: 8.1,
                &quot;scoreDescription&quot;: {
                    &quot;en&quot;: &quot;Very good&quot;,
                    &quot;ar&quot;: &quot;??? ???&quot;
                },
                &quot;scoreColor&quot;: &quot;#71BC4C&quot;
            },
            &quot;topPicks&quot;: null
        },
        &quot;1017751&quot;: {
            &quot;atgHotelId&quot;: 1017751,
            &quot;chainBrandId&quot;: 180,
            &quot;hotelChainId&quot;: 19,
            &quot;propertyTypeId&quot;: 17,
            &quot;name&quot;: {
                &quot;en&quot;: &quot;The Residency Towers&quot;,
                &quot;ar&quot;: &quot;?? ???????? ?????&quot;
            },
            &quot;starRating&quot;: 5,
            &quot;thumbnailUrl&quot;: &quot;https://s3-eu-west-1.amazonaws.com/tjwlhotelcms/hotel_cms_data_live/hotel_images/4030924/1_1.jpg&quot;,
            &quot;area&quot;: {
                &quot;id&quot;: 12161,
                &quot;nameEn&quot;: &quot;Parthasarathy Puram&quot;,
                &quot;nameAr&quot;: &quot;Parthasarathy Puram&quot;
            },
            &quot;rank&quot;: 786,
            &quot;longitude&quot;: 80.244066,
            &quot;latitude&quot;: 13.040473,
            &quot;distance&quot;: 5.5,
            &quot;distanceInMeters&quot;: 5511.5,
            &quot;address&quot;: {
                &quot;en&quot;: &quot;115 Sir Thyagaraya Road, T Nagar, 600017 Chennai, India&quot;,
                &quot;ar&quot;: &quot;115 Sir Thyagaraya Road, T Nagar, 600017 (??????, ?????)&quot;
            },
            &quot;distanceScore&quot;: 0.877522,
            &quot;priorityScore&quot;: 0.393,
            &quot;similarityScore&quot;: 0.0,
            &quot;facilityIds&quot;: [
                5,
                37,
                38,
                40,
                42,
                43,
                51,
                54,
                55,
                57,
                67,
                69,
                76,
                77,
                80,
                85,
                88,
                97,
                103,
                108,
                112,
                8000,
                8002,
                8007,
                8008,
                8009,
                8011,
                8023
            ],
            &quot;review&quot;: {
                &quot;hotelId&quot;: 1017751,
                &quot;count&quot;: 1063,
                &quot;name&quot;: &quot;The Residency Towers&quot;,
                &quot;sourcesCount&quot;: 19,
                &quot;score&quot;: 8.4,
                &quot;scoreDescription&quot;: {
                    &quot;en&quot;: &quot;Very good&quot;,
                    &quot;ar&quot;: &quot;??? ???&quot;
                },
                &quot;scoreColor&quot;: &quot;#71BC4C&quot;
            },
            &quot;topPicks&quot;: null
        },
        &quot;1419919&quot;: {
            &quot;atgHotelId&quot;: 1419919,
            &quot;chainBrandId&quot;: 180,
            &quot;hotelChainId&quot;: 19,
            &quot;propertyTypeId&quot;: 17,
            &quot;name&quot;: {
                &quot;en&quot;: &quot;Design Hotel Chennai by jüSTa&quot;,
                &quot;ar&quot;: &quot;?????? ???? ??????  ??? ?????&quot;
            },
            &quot;starRating&quot;: 4,
            &quot;thumbnailUrl&quot;: &quot;https://hotelcmsimages.s3-eu-west-1.amazonaws.com/hotel/hotels/16000000/15160000/15150800/15150743/d963a62a_z.jpg&quot;,
            &quot;area&quot;: {
                &quot;id&quot;: 12204,
                &quot;nameEn&quot;: &quot;Guindy&quot;,
                &quot;nameAr&quot;: &quot;??????&quot;
            },
            &quot;rank&quot;: 767,
            &quot;longitude&quot;: 80.217494,
            &quot;latitude&quot;: 12.992064,
            &quot;distance&quot;: 12.0,
            &quot;distanceInMeters&quot;: 11612.4,
            &quot;address&quot;: {
                &quot;en&quot;: &quot;142, Velachery Main Road, Phoenix Market City Mall, Velachery&quot;,
                &quot;ar&quot;: &quot;142, Velachery Main Road, Phoenix Market City Mall, Velachery&quot;
            },
            &quot;distanceScore&quot;: 0.741947,
            &quot;priorityScore&quot;: 0.3835,
            &quot;similarityScore&quot;: 0.0,
            &quot;facilityIds&quot;: [
                5,
                6,
                42,
                43,
                49,
                55,
                57,
                59,
                62,
                63,
                65,
                66,
                67,
                69,
                70,
                75,
                77,
                80,
                85,
                87,
                94,
                97,
                98,
                99,
                101,
                103,
                108,
                122,
                125,
                8000,
                8002,
                8007,
                8008,
                8009,
                8011,
                8012,
                8016,
                8017,
                8023
            ],
            &quot;review&quot;: {
                &quot;hotelId&quot;: 1419919,
                &quot;count&quot;: 287,
                &quot;name&quot;: &quot;Design Hotel Chennai by ju00fcSTa&quot;,
                &quot;sourcesCount&quot;: 3,
                &quot;score&quot;: 8.2,
                &quot;scoreDescription&quot;: {
                    &quot;en&quot;: &quot;Very good&quot;,
                    &quot;ar&quot;: &quot;??? ???&quot;
                },
                &quot;scoreColor&quot;: &quot;#71BC4C&quot;
            },
            &quot;topPicks&quot;: null
        },
        &quot;1037972&quot;: {
            &quot;atgHotelId&quot;: 1037972,
            &quot;chainBrandId&quot;: 513,
            &quot;hotelChainId&quot;: 257,
            &quot;propertyTypeId&quot;: 17,
            &quot;name&quot;: {
                &quot;en&quot;: &quot;FabHotel Royal Regency Central Station&quot;,
                &quot;ar&quot;: &quot;??? ???? ????? ??????? ?????? ?????&quot;
            },
            &quot;starRating&quot;: 3,
            &quot;thumbnailUrl&quot;: &quot;https://s3-eu-west-1.amazonaws.com/tjwlhotelcms/hotel_cms_data_live/hotel_images/4107203/2_1.jpg&quot;,
            &quot;area&quot;: {
                &quot;id&quot;: 12164,
                &quot;nameEn&quot;: &quot;Egmore&quot;,
                &quot;nameAr&quot;: &quot;??????&quot;
            },
            &quot;rank&quot;: 765,
            &quot;longitude&quot;: 80.26742,
            &quot;latitude&quot;: 13.08029,
            &quot;distance&quot;: 0.45,
            &quot;distanceInMeters&quot;: 445.40000000000003,
            &quot;address&quot;: {
                &quot;en&quot;: &quot;26/27, Poonamallee High Road, Periamet chennai, 600003 Chennai, India&quot;,
                &quot;ar&quot;: &quot;26/27, Poonamallee High Road, Periamet chennai, 600003 (???????, ?????)&quot;
            },
            &quot;distanceScore&quot;: 0.990102,
            &quot;priorityScore&quot;: 0.3825,
            &quot;similarityScore&quot;: 0.0,
            &quot;facilityIds&quot;: [
                55,
                67,
                85,
                88,
                97,
                99
            ],
            &quot;review&quot;: {
                &quot;hotelId&quot;: 1037972,
                &quot;count&quot;: 1175,
                &quot;name&quot;: &quot;Hotel The Royal Regency&quot;,
                &quot;sourcesCount&quot;: 16,
                &quot;score&quot;: 7.7,
                &quot;scoreDescription&quot;: {
                    &quot;en&quot;: &quot;Very good&quot;,
                    &quot;ar&quot;: &quot;??? ???&quot;
                },
                &quot;scoreColor&quot;: &quot;#71BC4C&quot;
            },
            &quot;topPicks&quot;: null
        },
        &quot;1485450&quot;: {
            &quot;atgHotelId&quot;: 1485450,
            &quot;chainBrandId&quot;: 189,
            &quot;hotelChainId&quot;: 135,
            &quot;propertyTypeId&quot;: 17,
            &quot;name&quot;: {
                &quot;en&quot;: &quot;WelcomHotel Chennai- Member ITC Hotel Group&quot;,
                &quot;ar&quot;: &quot;?????? ???? ?????? - ????? ?? ?? ?? ???? ????&quot;
            },
            &quot;starRating&quot;: 5,
            &quot;thumbnailUrl&quot;: &quot;https://s3-eu-west-1.amazonaws.com/tjwlhotelcms/hotel_cms_data_live/hotel_images/8188661/1_1.jpg&quot;,
            &quot;area&quot;: {
                &quot;id&quot;: 12201,
                &quot;nameEn&quot;: &quot;Central Chennai&quot;,
                &quot;nameAr&quot;: &quot;??? ??????&quot;
            },
            &quot;rank&quot;: 788,
            &quot;longitude&quot;: 80.216872,
            &quot;latitude&quot;: 13.041324,
            &quot;distance&quot;: 7.4,
            &quot;distanceInMeters&quot;: 7429.599999999999,
            &quot;address&quot;: {
                &quot;en&quot;: &quot;Cathedral Raod, Chennai City Center, 600086 Chennai, India&quot;,
                &quot;ar&quot;: &quot;Cathedral Raod, Chennai City Center, 600086 (???????, ?????)&quot;
            },
            &quot;distanceScore&quot;: 0.834898,
            &quot;priorityScore&quot;: 0.394,
            &quot;similarityScore&quot;: 0.0,
            &quot;facilityIds&quot;: [
                5,
                40,
                43,
                46,
                55,
                57,
                65,
                66,
                67,
                69,
                70,
                76,
                77,
                80,
                85,
                87,
                94,
                97,
                98,
                100,
                101,
                103,
                108,
                120,
                122,
                8000,
                8002,
                8007,
                8008,
                8009,
                8010,
                8011,
                8023
            ],
            &quot;review&quot;: {
                &quot;hotelId&quot;: 1485450,
                &quot;count&quot;: 1527,
                &quot;name&quot;: &quot;My Fortune Chennai&quot;,
                &quot;sourcesCount&quot;: 14,
                &quot;score&quot;: 8.5,
                &quot;scoreDescription&quot;: {
                    &quot;en&quot;: &quot;Excellent&quot;,
                    &quot;ar&quot;: &quot;?????&quot;
                },
                &quot;scoreColor&quot;: &quot;#129911&quot;
            },
            &quot;topPicks&quot;: null
        },
        &quot;1365899&quot;: {
            &quot;atgHotelId&quot;: 1365899,
            &quot;chainBrandId&quot;: 57,
            &quot;hotelChainId&quot;: 15,
            &quot;propertyTypeId&quot;: 17,
            &quot;name&quot;: {
                &quot;en&quot;: &quot;Crowne Plaza Chennai Adyar Park&quot;,
                &quot;ar&quot;: &quot;????? ????? ????? ????? ????&quot;
            },
            &quot;starRating&quot;: 5,
            &quot;thumbnailUrl&quot;: &quot;https://s3-eu-west-1.amazonaws.com/tjwlhotelcms/hotel_cms_data_live/hotel_images/6079396/al_mosafer_1.jpg&quot;,
            &quot;area&quot;: {
                &quot;id&quot;: 12168,
                &quot;nameEn&quot;: &quot;Alwarpet&quot;,
                &quot;nameAr&quot;: &quot;????????&quot;
            },
            &quot;rank&quot;: 809,
            &quot;longitude&quot;: 80.249918,
            &quot;latitude&quot;: 13.029083,
            &quot;distance&quot;: 6.4,
            &quot;distanceInMeters&quot;: 6373.2,
            &quot;address&quot;: {
                &quot;en&quot;: &quot;132 TTK Road, 600018 Chennai, India&quot;,
                &quot;ar&quot;: &quot;132 TTK Road, 600018 (???????, ?????)&quot;
            },
            &quot;distanceScore&quot;: 0.858373,
            &quot;priorityScore&quot;: 0.4045,
            &quot;similarityScore&quot;: 0.0,
            &quot;facilityIds&quot;: [
                2,
                5,
                6,
                23,
                37,
                38,
                40,
                42,
                43,
                46,
                49,
                55,
                57,
                63,
                65,
                66,
                67,
                69,
                70,
                76,
                77,
                80,
                84,
                85,
                87,
                94,
                97,
                98,
                99,
                101,
                103,
                108,
                120,
                122,
                8000,
                8002,
                8007,
                8008,
                8009,
                8010,
                8011,
                8012,
                8016,
                8017,
                8023
            ],
            &quot;review&quot;: {
                &quot;hotelId&quot;: 1365899,
                &quot;count&quot;: 5816,
                &quot;name&quot;: &quot;Crowne Plaza Chennai Adyar Park&quot;,
                &quot;sourcesCount&quot;: 19,
                &quot;score&quot;: 8.7,
                &quot;scoreDescription&quot;: {
                    &quot;en&quot;: &quot;Excellent&quot;,
                    &quot;ar&quot;: &quot;?????&quot;
                },
                &quot;scoreColor&quot;: &quot;#129911&quot;
            },
            &quot;topPicks&quot;: null
        },
        &quot;1027759&quot;: {
            &quot;atgHotelId&quot;: 1027759,
            &quot;chainBrandId&quot;: 138,
            &quot;hotelChainId&quot;: 168,
            &quot;propertyTypeId&quot;: 17,
            &quot;name&quot;: {
                &quot;en&quot;: &quot;Le Royal Meridien Chennai&quot;,
                &quot;ar&quot;: &quot;?? ????? ???????? ?????&quot;
            },
            &quot;starRating&quot;: 5,
            &quot;thumbnailUrl&quot;: &quot;https://s3-eu-west-1.amazonaws.com/tjwlhotelcms/hotel_cms_data_live/hotel_images/4067068/1_1-1.jpg&quot;,
            &quot;area&quot;: {
                &quot;id&quot;: 12204,
                &quot;nameEn&quot;: &quot;Guindy&quot;,
                &quot;nameAr&quot;: &quot;??????&quot;
            },
            &quot;rank&quot;: 807,
            &quot;longitude&quot;: 80.205409,
            &quot;latitude&quot;: 13.007321,
            &quot;distance&quot;: 11.0,
            &quot;distanceInMeters&quot;: 10969.900000000001,
            &quot;address&quot;: {
                &quot;en&quot;: &quot;No 1, Gst Road, St Thomas Mount,, Guindy, 600016 Chennai, India&quot;,
                &quot;ar&quot;: &quot;No 1, Gst Road, St Thomas Mount,, Guindy, 600016 (???????, ?????)&quot;
            },
            &quot;distanceScore&quot;: 0.756224,
            &quot;priorityScore&quot;: 0.4035,
            &quot;similarityScore&quot;: 0.0,
            &quot;facilityIds&quot;: [
                2,
                5,
                23,
                37,
                38,
                40,
                42,
                43,
                46,
                51,
                54,
                55,
                57,
                63,
                65,
                66,
                67,
                69,
                70,
                76,
                77,
                80,
                82,
                85,
                87,
                94,
                97,
                99,
                100,
                101,
                103,
                108,
                122,
                8007,
                8011
            ],
            &quot;review&quot;: {
                &quot;hotelId&quot;: 1027759,
                &quot;count&quot;: 6024,
                &quot;name&quot;: &quot;Le Royal Mu00e9ridien Chennai&quot;,
                &quot;sourcesCount&quot;: 25,
                &quot;score&quot;: 8.5,
                &quot;scoreDescription&quot;: {
                    &quot;en&quot;: &quot;Excellent&quot;,
                    &quot;ar&quot;: &quot;?????&quot;
                },
                &quot;scoreColor&quot;: &quot;#129911&quot;
            },
            &quot;topPicks&quot;: null
        },
        &quot;1393587&quot;: {
            &quot;atgHotelId&quot;: 1393587,
            &quot;chainBrandId&quot;: 180,
            &quot;hotelChainId&quot;: 19,
            &quot;propertyTypeId&quot;: 17,
            &quot;name&quot;: {
                &quot;en&quot;: &quot;Ambassador Pallava&quot;,
                &quot;ar&quot;: &quot;????????? ??????&quot;
            },
            &quot;starRating&quot;: 4,
            &quot;thumbnailUrl&quot;: &quot;https://hotelcmsimages.s3-eu-west-1.amazonaws.com/hotel/hotels/1000000/530000/526100/526028/23de5185_z.jpg&quot;,
            &quot;area&quot;: {
                &quot;id&quot;: 12164,
                &quot;nameEn&quot;: &quot;Egmore&quot;,
                &quot;nameAr&quot;: &quot;??????&quot;
            },
            &quot;rank&quot;: 765,
            &quot;longitude&quot;: 80.25882,
            &quot;latitude&quot;: 13.067544,
            &quot;distance&quot;: 2.1,
            &quot;distanceInMeters&quot;: 2120.4,
            &quot;address&quot;: {
                &quot;en&quot;: &quot;30 Montieth Road, Egmore&quot;,
                &quot;ar&quot;: &quot;30 Montieth Road, Egmore&quot;
            },
            &quot;distanceScore&quot;: 0.95288,
            &quot;priorityScore&quot;: 0.3825,
            &quot;similarityScore&quot;: 0.0,
            &quot;facilityIds&quot;: [
                5,
                37,
                38,
                42,
                51,
                54,
                57,
                59,
                63,
                65,
                66,
                67,
                69,
                70,
                76,
                77,
                80,
                85,
                97,
                99,
                101,
                103,
                108,
                8002,
                8007,
                8008,
                8009,
                8010,
                8011
            ],
            &quot;review&quot;: {
                &quot;hotelId&quot;: 1393587,
                &quot;count&quot;: 818,
                &quot;name&quot;: &quot;Ambassador Pallava Chennai&quot;,
                &quot;sourcesCount&quot;: 19,
                &quot;score&quot;: 7.7,
                &quot;scoreDescription&quot;: {
                    &quot;en&quot;: &quot;Very good&quot;,
                    &quot;ar&quot;: &quot;??? ???&quot;
                },
                &quot;scoreColor&quot;: &quot;#71BC4C&quot;
            },
            &quot;topPicks&quot;: null
        },
        &quot;1387437&quot;: {
            &quot;atgHotelId&quot;: 1387437,
            &quot;chainBrandId&quot;: 238,
            &quot;hotelChainId&quot;: 69,
            &quot;propertyTypeId&quot;: 17,
            &quot;name&quot;: {
                &quot;en&quot;: &quot;Taj Connemara&quot;,
                &quot;ar&quot;: &quot;??? ????????&quot;
            },
            &quot;starRating&quot;: 5,
            &quot;thumbnailUrl&quot;: &quot;https://hotelcmsimages.s3-eu-west-1.amazonaws.com/hotel/hotels/1000000/530000/526400/526335/0ae5db04_z.jpg&quot;,
            &quot;area&quot;: {
                &quot;id&quot;: 12201,
                &quot;nameEn&quot;: &quot;Central Chennai&quot;,
                &quot;nameAr&quot;: &quot;??? ??????&quot;
            },
            &quot;rank&quot;: 816,
            &quot;longitude&quot;: 80.262079,
            &quot;latitude&quot;: 13.063018,
            &quot;distance&quot;: 2.4,
            &quot;distanceInMeters&quot;: 2378.8999999999996,
            &quot;address&quot;: {
                &quot;en&quot;: &quot;Binny Road&quot;,
                &quot;ar&quot;: &quot;Binny Road&quot;
            },
            &quot;distanceScore&quot;: 0.947136,
            &quot;priorityScore&quot;: 0.408,
            &quot;similarityScore&quot;: 0.0,
            &quot;facilityIds&quot;: [
                5,
                37,
                38,
                42,
                43,
                54,
                55,
                57,
                59,
                62,
                63,
                65,
                66,
                67,
                69,
                77,
                80,
                85,
                87,
                94,
                97,
                101,
                103,
                108,
                8002,
                8007,
                8008,
                8009,
                8011
            ],
            &quot;review&quot;: {
                &quot;hotelId&quot;: 1387437,
                &quot;count&quot;: 1005,
                &quot;name&quot;: &quot;Taj Connemara, Chennai&quot;,
                &quot;sourcesCount&quot;: 25,
                &quot;score&quot;: 9.1,
                &quot;scoreDescription&quot;: {
                    &quot;en&quot;: &quot;Excellent&quot;,
                    &quot;ar&quot;: &quot;?????&quot;
                },
                &quot;scoreColor&quot;: &quot;#129911&quot;
            },
            &quot;topPicks&quot;: null
        },
        &quot;1485615&quot;: {
            &quot;atgHotelId&quot;: 1485615,
            &quot;chainBrandId&quot;: 109,
            &quot;hotelChainId&quot;: 15,
            &quot;propertyTypeId&quot;: 17,
            &quot;name&quot;: {
                &quot;en&quot;: &quot;Holiday Inn Chennai OMR IT Expressway&quot;,
                &quot;ar&quot;: &quot;??????? ?? ????? ???? ?? ??????????&quot;
            },
            &quot;starRating&quot;: 4,
            &quot;thumbnailUrl&quot;: &quot;https://hotelcmsimages.s3-eu-west-1.amazonaws.com/hotel/hotels/16000000/15630000/15621400/15621305/68ed7832_z.jpg&quot;,
            &quot;area&quot;: {
                &quot;id&quot;: 12179,
                &quot;nameEn&quot;: &quot;Mylapore Tiruvallikk&quot;,
                &quot;nameAr&quot;: &quot;???????? ?????????&quot;
            },
            &quot;rank&quot;: 793,
            &quot;longitude&quot;: 80.252826,
            &quot;latitude&quot;: 12.98053,
            &quot;distance&quot;: 12.0,
            &quot;distanceInMeters&quot;: 11526.1,
            &quot;address&quot;: {
                &quot;en&quot;: &quot;110 Rajiv Gandhi Salai, Thiruvanmiyur, Old Mahabalipuram Road&quot;,
                &quot;ar&quot;: &quot;110 Rajiv Gandhi Salai, Thiruvanmiyur, Old Mahabalipuram Road&quot;
            },
            &quot;distanceScore&quot;: 0.743864,
            &quot;priorityScore&quot;: 0.3965,
            &quot;similarityScore&quot;: 0.0,
            &quot;facilityIds&quot;: [
                2,
                5,
                38,
                46,
                54,
                55,
                57,
                59,
                62,
                63,
                65,
                66,
                67,
                69,
                70,
                76,
                77,
                80,
                82,
                85,
                94,
                97,
                99,
                100,
                103,
                122,
                8000,
                8002,
                8007,
                8008,
                8009,
                8010,
                8011,
                8023
            ],
            &quot;review&quot;: {
                &quot;hotelId&quot;: 1485615,
                &quot;count&quot;: 3565,
                &quot;name&quot;: &quot;Holiday Inn Chennai OMR IT Expressway&quot;,
                &quot;sourcesCount&quot;: 14,
                &quot;score&quot;: 8.5,
                &quot;scoreDescription&quot;: {
                    &quot;en&quot;: &quot;Excellent&quot;,
                    &quot;ar&quot;: &quot;?????&quot;
                },
                &quot;scoreColor&quot;: &quot;#129911&quot;
            },
            &quot;topPicks&quot;: null
        },
        &quot;1501736&quot;: {
            &quot;atgHotelId&quot;: 1501736,
            &quot;chainBrandId&quot;: 3,
            &quot;hotelChainId&quot;: 9,
            &quot;propertyTypeId&quot;: 17,
            &quot;name&quot;: {
                &quot;en&quot;: &quot;Novotel Chennai OMR - An AccorHotels Brand&quot;,
                &quot;ar&quot;: &quot;??????? ?????? ?? ?? ?? - ?? ??? ????? ?????&quot;
            },
            &quot;starRating&quot;: 5,
            &quot;thumbnailUrl&quot;: &quot;https://hotelcmsimages.s3-eu-west-1.amazonaws.com/hotel/hotels/16000000/15340000/15339500/15339472/4471f328_z.jpg&quot;,
            &quot;area&quot;: null,
            &quot;rank&quot;: 804,
            &quot;longitude&quot;: 80.229098,
            &quot;latitude&quot;: 12.905393,
            &quot;distance&quot;: 20.0,
            &quot;distanceInMeters&quot;: 20228.5,
            &quot;address&quot;: {
                &quot;en&quot;: &quot;Rajiv Gandhi Salai, OMR IT Expressway, Shollinganallur&quot;,
                &quot;ar&quot;: &quot;Rajiv Gandhi Salai, OMR IT Expressway, Shollinganallur&quot;
            },
            &quot;distanceScore&quot;: 0.550478,
            &quot;priorityScore&quot;: 0.402,
            &quot;similarityScore&quot;: 0.0,
            &quot;facilityIds&quot;: [
                5,
                38,
                54,
                57,
                59,
                63,
                65,
                66,
                67,
                69,
                70,
                76,
                77,
                80,
                85,
                87,
                94,
                97,
                99,
                100,
                101,
                103,
                120,
                8000,
                8002,
                8007,
                8008,
                8009,
                8010,
                8011,
                8023
            ],
            &quot;review&quot;: {
                &quot;hotelId&quot;: 1501736,
                &quot;count&quot;: 1326,
                &quot;name&quot;: &quot;Novotel Chennai OMR&quot;,
                &quot;sourcesCount&quot;: 19,
                &quot;score&quot;: 8.7,
                &quot;scoreDescription&quot;: {
                    &quot;en&quot;: &quot;Excellent&quot;,
                    &quot;ar&quot;: &quot;?????&quot;
                },
                &quot;scoreColor&quot;: &quot;#129911&quot;
            },
            &quot;topPicks&quot;: null
        },
        &quot;1159763&quot;: {
            &quot;atgHotelId&quot;: 1159763,
            &quot;chainBrandId&quot;: 180,
            &quot;hotelChainId&quot;: 19,
            &quot;propertyTypeId&quot;: 17,
            &quot;name&quot;: {
                &quot;en&quot;: &quot;Hablis Hotel&quot;,
                &quot;ar&quot;: &quot;?????? ????&quot;
            },
            &quot;starRating&quot;: 5,
            &quot;thumbnailUrl&quot;: &quot;https://hotelcmsimages.s3-eu-west-1.amazonaws.com/hotel/hotels/7000000/6610000/6600400/6600387/cae00e67_z.jpg&quot;,
            &quot;area&quot;: {
                &quot;id&quot;: 12204,
                &quot;nameEn&quot;: &quot;Guindy&quot;,
                &quot;nameAr&quot;: &quot;??????&quot;
            },
            &quot;rank&quot;: 788,
            &quot;longitude&quot;: 80.208048,
            &quot;latitude&quot;: 13.007853,
            &quot;distance&quot;: 11.0,
            &quot;distanceInMeters&quot;: 10741.699999999999,
            &quot;address&quot;: {
                &quot;en&quot;: &quot;19, GST Road, Guindy&quot;,
                &quot;ar&quot;: &quot;19, GST Road, Guindy&quot;
            },
            &quot;distanceScore&quot;: 0.761296,
            &quot;priorityScore&quot;: 0.394,
            &quot;similarityScore&quot;: 0.0,
            &quot;facilityIds&quot;: [
                2,
                5,
                23,
                37,
                54,
                55,
                57,
                63,
                65,
                66,
                69,
                70,
                76,
                77,
                80,
                85,
                87,
                94,
                97,
                98,
                99,
                103,
                109,
                120,
                122,
                8000,
                8002,
                8007,
                8008,
                8009,
                8010,
                8011,
                8023
            ],
            &quot;review&quot;: {
                &quot;hotelId&quot;: 1159763,
                &quot;count&quot;: 4560,
                &quot;name&quot;: &quot;Hablis Chennai&quot;,
                &quot;sourcesCount&quot;: 16,
                &quot;score&quot;: 8.4,
                &quot;scoreDescription&quot;: {
                    &quot;en&quot;: &quot;Very good&quot;,
                    &quot;ar&quot;: &quot;??? ???&quot;
                },
                &quot;scoreColor&quot;: &quot;#71BC4C&quot;
            },
            &quot;topPicks&quot;: null
        },
        &quot;1394896&quot;: {
            &quot;atgHotelId&quot;: 1394896,
            &quot;chainBrandId&quot;: 238,
            &quot;hotelChainId&quot;: 69,
            &quot;propertyTypeId&quot;: 17,
            &quot;name&quot;: {
                &quot;en&quot;: &quot;Taj Coromandel&quot;,
                &quot;ar&quot;: &quot;??? ?????????&quot;
            },
            &quot;starRating&quot;: 5,
            &quot;thumbnailUrl&quot;: &quot;https://s3-eu-west-1.amazonaws.com/tjwlhotelcms/hotel_cms_data_live/hotel_images/6334508/zzz_35.jpg&quot;,
            &quot;area&quot;: {
                &quot;id&quot;: 11783,
                &quot;nameEn&quot;: &quot;Thousand Lights West&quot;,
                &quot;nameAr&quot;: &quot;Thousand Lights West&quot;
            },
            &quot;rank&quot;: 821,
            &quot;longitude&quot;: 80.248153,
            &quot;latitude&quot;: 13.058305,
            &quot;distance&quot;: 3.7,
            &quot;distanceInMeters&quot;: 3650.9,
            &quot;address&quot;: {
                &quot;en&quot;: &quot;No 37, M.G Road, Nungambakkam, Egmore-Nungambakam, 600034 Chennai, India&quot;,
                &quot;ar&quot;: &quot;No 37, M.G Road, Nungambakkam, Egmore-Nungambakam, 600034  (???????, ?????)&quot;
            },
            &quot;distanceScore&quot;: 0.918869,
            &quot;priorityScore&quot;: 0.4105,
            &quot;similarityScore&quot;: 0.0,
            &quot;facilityIds&quot;: [
                37,
                40,
                42,
                43,
                46,
                51,
                54,
                55,
                57,
                62,
                65,
                66,
                67,
                69,
                76,
                77,
                80,
                85,
                87,
                88,
                97,
                101,
                103,
                108,
                120,
                122,
                8002,
                8007,
                8008,
                8009,
                8011
            ],
            &quot;review&quot;: {
                &quot;hotelId&quot;: 1394896,
                &quot;count&quot;: 8772,
                &quot;name&quot;: &quot;Taj Coromandel, Chennai&quot;,
                &quot;sourcesCount&quot;: 23,
                &quot;score&quot;: 9.1,
                &quot;scoreDescription&quot;: {
                    &quot;en&quot;: &quot;Excellent&quot;,
                    &quot;ar&quot;: &quot;?????&quot;
                },
                &quot;scoreColor&quot;: &quot;#129911&quot;
            },
            &quot;topPicks&quot;: null
        },
        &quot;1460573&quot;: {
            &quot;atgHotelId&quot;: 1460573,
            &quot;chainBrandId&quot;: 16,
            &quot;hotelChainId&quot;: 3,
            &quot;propertyTypeId&quot;: 17,
            &quot;name&quot;: {
                &quot;en&quot;: &quot;Citadines OMR Chennai&quot;,
                &quot;ar&quot;: &quot;??????? ?? ?? ?? ??????&quot;
            },
            &quot;starRating&quot;: 3,
            &quot;thumbnailUrl&quot;: &quot;https://hotelcmsimages.s3-eu-west-1.amazonaws.com/hotel/hotels/12000000/11960000/11958700/11958666/160a6393_z.jpg&quot;,
            &quot;area&quot;: null,
            &quot;rank&quot;: 800,
            &quot;longitude&quot;: 80.227736,
            &quot;latitude&quot;: 12.900334,
            &quot;distance&quot;: 21.0,
            &quot;distanceInMeters&quot;: 20810.0,
            &quot;address&quot;: {
                &quot;en&quot;: &quot;290, Rajiv Gandhi Salai (OMR), IT Expressway, Sholinganallur&quot;,
                &quot;ar&quot;: &quot;290, Rajiv Gandhi Salai (OMR), IT Expressway, Sholinganallur&quot;
            },
            &quot;distanceScore&quot;: 0.537556,
            &quot;priorityScore&quot;: 0.4,
            &quot;similarityScore&quot;: 0.0,
            &quot;facilityIds&quot;: [
                5,
                38,
                43,
                46,
                51,
                54,
                55,
                57,
                59,
                65,
                67,
                69,
                76,
                77,
                85,
                94,
                97,
                99,
                101,
                105,
                108,
                112,
                8000,
                8002,
                8007,
                8008,
                8009,
                8010,
                8011,
                8012,
                8017,
                8023
            ],
            &quot;review&quot;: {
                &quot;hotelId&quot;: 1460573,
                &quot;count&quot;: 1288,
                &quot;name&quot;: &quot;Citadines OMR Chennai&quot;,
                &quot;sourcesCount&quot;: 16,
                &quot;score&quot;: 8.8,
                &quot;scoreDescription&quot;: {
                    &quot;en&quot;: &quot;Excellent&quot;,
                    &quot;ar&quot;: &quot;?????&quot;
                },
                &quot;scoreColor&quot;: &quot;#129911&quot;
            },
            &quot;topPicks&quot;: null
        },
        &quot;1106910&quot;: {
            &quot;atgHotelId&quot;: 1106910,
            &quot;chainBrandId&quot;: 244,
            &quot;hotelChainId&quot;: 193,
            &quot;propertyTypeId&quot;: 17,
            &quot;name&quot;: {
                &quot;en&quot;: &quot;The Leela Palace Chennai&quot;,
                &quot;ar&quot;: &quot;?? ???? ????? ?????&quot;
            },
            &quot;starRating&quot;: 5,
            &quot;thumbnailUrl&quot;: &quot;https://s3-eu-west-1.amazonaws.com/tjwlhotelcms/hotel_cms_data_live/hotel_images/4401514/sd_27.jpg&quot;,
            &quot;area&quot;: {
                &quot;id&quot;: 12174,
                &quot;nameEn&quot;: &quot;MRC Nagar&quot;,
                &quot;nameAr&quot;: &quot;MRC Nagar&quot;
            },
            &quot;rank&quot;: 821,
            &quot;longitude&quot;: 80.27229,
            &quot;latitude&quot;: 13.018236,
            &quot;distance&quot;: 7.2,
            &quot;distanceInMeters&quot;: 7170.0,
            &quot;address&quot;: {
                &quot;en&quot;: &quot;Adyar Seaface, MRC Nagar, 600028 Chennai, India&quot;,
                &quot;ar&quot;: &quot;Adyar Seaface, MRC Nagar, 600028 (???????, ?????)&quot;
            },
            &quot;distanceScore&quot;: 0.840667,
            &quot;priorityScore&quot;: 0.4105,
            &quot;similarityScore&quot;: 0.0,
            &quot;facilityIds&quot;: [
                2,
                5,
                38,
                40,
                42,
                43,
                46,
                54,
                55,
                57,
                62,
                65,
                66,
                67,
                69,
                76,
                77,
                80,
                82,
                85,
                87,
                94,
                97,
                98,
                101,
                103,
                108,
                120,
                8007,
                8008,
                8009,
                8011
            ],
            &quot;review&quot;: {
                &quot;hotelId&quot;: 1106910,
                &quot;count&quot;: 5924,
                &quot;name&quot;: &quot;The Leela Palace Chennai&quot;,
                &quot;sourcesCount&quot;: 17,
                &quot;score&quot;: 9.1,
                &quot;scoreDescription&quot;: {
                    &quot;en&quot;: &quot;Excellent&quot;,
                    &quot;ar&quot;: &quot;?????&quot;
                },
                &quot;scoreColor&quot;: &quot;#129911&quot;
            },
            &quot;topPicks&quot;: null
        },
        &quot;1042526&quot;: {
            &quot;atgHotelId&quot;: 1042526,
            &quot;chainBrandId&quot;: 180,
            &quot;hotelChainId&quot;: 19,
            &quot;propertyTypeId&quot;: 17,
            &quot;name&quot;: {
                &quot;en&quot;: &quot;The Accord Metropolitan&quot;,
                &quot;ar&quot;: &quot;?? ????? ???????????&quot;
            },
            &quot;starRating&quot;: 5,
            &quot;thumbnailUrl&quot;: &quot;https://s3-eu-west-1.amazonaws.com/tjwlhotelcms/hotel_cms_data_live/hotel_images/4126880/0_1.jpg&quot;,
            &quot;area&quot;: {
                &quot;id&quot;: 12162,
                &quot;nameEn&quot;: &quot;T Nagar&quot;,
                &quot;nameAr&quot;: &quot;?? - ?????&quot;
            },
            &quot;rank&quot;: 798,
            &quot;longitude&quot;: 80.242497,
            &quot;latitude&quot;: 13.046259,
            &quot;distance&quot;: 5.1,
            &quot;distanceInMeters&quot;: 5075.5,
            &quot;address&quot;: {
                &quot;en&quot;: &quot;35 G.N Chetty Road, Thiyagara Nagar, Tamil Nadu, T - Nagar, 600017 Chennai, India&quot;,
                &quot;ar&quot;: &quot;(???????, ?????)  35 G.N Chetty Road, Thiyagara Nagar, Tamil Nadu, T - Nagar, 600017&quot;
            },
            &quot;distanceScore&quot;: 0.887211,
            &quot;priorityScore&quot;: 0.399,
            &quot;similarityScore&quot;: 0.0,
            &quot;facilityIds&quot;: [
                5,
                37,
                38,
                40,
                42,
                43,
                46,
                49,
                54,
                55,
                57,
                62,
                63,
                65,
                66,
                67,
                69,
                70,
                76,
                77,
                80,
                85,
                87,
                94,
                97,
                98,
                99,
                101,
                103,
                105,
                108,
                120,
                8002,
                8007,
                8008,
                8009
            ],
            &quot;review&quot;: {
                &quot;hotelId&quot;: 1042526,
                &quot;count&quot;: 1247,
                &quot;name&quot;: &quot;The Accord Metropolitan&quot;,
                &quot;sourcesCount&quot;: 18,
                &quot;score&quot;: 8.2,
                &quot;scoreDescription&quot;: {
                    &quot;en&quot;: &quot;Very good&quot;,
                    &quot;ar&quot;: &quot;??? ???&quot;
                },
                &quot;scoreColor&quot;: &quot;#71BC4C&quot;
            },
            &quot;topPicks&quot;: null
        },
        &quot;1042525&quot;: {
            &quot;atgHotelId&quot;: 1042525,
            &quot;chainBrandId&quot;: 513,
            &quot;hotelChainId&quot;: 257,
            &quot;propertyTypeId&quot;: 17,
            &quot;name&quot;: {
                &quot;en&quot;: &quot;Hotel Savera&quot;,
                &quot;ar&quot;: &quot;???? ??????&quot;
            },
            &quot;starRating&quot;: 4,
            &quot;thumbnailUrl&quot;: &quot;https://s3-eu-west-1.amazonaws.com/tjwlhotelcms/hotel_cms_data_live/hotel_images/4126879/1_4.jpg&quot;,
            &quot;area&quot;: {
                &quot;id&quot;: 12170,
                &quot;nameEn&quot;: &quot;Mylapore&quot;,
                &quot;nameAr&quot;: &quot;????????&quot;
            },
            &quot;rank&quot;: 784,
            &quot;longitude&quot;: 80.260888,
            &quot;latitude&quot;: 13.045219,
            &quot;distance&quot;: 4.3,
            &quot;distanceInMeters&quot;: 4300.6,
            &quot;address&quot;: {
                &quot;en&quot;: &quot;No 146, Dr. Radhakrishnan Road, 600004 Chennai, India&quot;,
                &quot;ar&quot;: &quot;(???????, ?????)  No 146, Dr. Radhakrishnan Road, 600004&quot;
            },
            &quot;distanceScore&quot;: 0.904431,
            &quot;priorityScore&quot;: 0.392,
            &quot;similarityScore&quot;: 0.0,
            &quot;facilityIds&quot;: [
                2,
                5,
                38,
                42,
                55,
                63,
                65,
                67,
                69,
                70,
                75,
                76,
                77,
                80,
                85,
                88,
                97,
                98,
                99,
                101,
                103,
                108,
                109,
                8000,
                8007,
                8008,
                8009,
                8010,
                8011,
                8023
            ],
            &quot;review&quot;: {
                &quot;hotelId&quot;: 1042525,
                &quot;count&quot;: 2551,
                &quot;name&quot;: &quot;Hotel Savera&quot;,
                &quot;sourcesCount&quot;: 14,
                &quot;score&quot;: 7.9,
                &quot;scoreDescription&quot;: {
                    &quot;en&quot;: &quot;Very good&quot;,
                    &quot;ar&quot;: &quot;??? ???&quot;
                },
                &quot;scoreColor&quot;: &quot;#71BC4C&quot;
            },
            &quot;topPicks&quot;: null
        },
        &quot;1132363&quot;: {
            &quot;atgHotelId&quot;: 1132363,
            &quot;chainBrandId&quot;: 268,
            &quot;hotelChainId&quot;: 168,
            &quot;propertyTypeId&quot;: 17,
            &quot;name&quot;: {
                &quot;en&quot;: &quot;The Westin Chennai Velachery&quot;,
                &quot;ar&quot;: &quot;?? ????? ????? ????????&quot;
            },
            &quot;starRating&quot;: 5,
            &quot;thumbnailUrl&quot;: &quot;https://s3-eu-west-1.amazonaws.com/tjwlhotelcms/hotel_cms_data_live/hotel_images/4475256/66_37.jpg&quot;,
            &quot;area&quot;: {
                &quot;id&quot;: 12204,
                &quot;nameEn&quot;: &quot;Guindy&quot;,
                &quot;nameAr&quot;: &quot;??????&quot;
            },
            &quot;rank&quot;: 799,
            &quot;longitude&quot;: 80.221006,
            &quot;latitude&quot;: 12.989773,
            &quot;distance&quot;: 12.0,
            &quot;distanceInMeters&quot;: 11653.5,
            &quot;address&quot;: {
                &quot;en&quot;: &quot;154 Velachery,Main Road, 600042 Chennai, India&quot;,
                &quot;ar&quot;: &quot;154 Velachery,Main Road, 600042 (???????, ?????)&quot;
            },
            &quot;distanceScore&quot;: 0.741033,
            &quot;priorityScore&quot;: 0.3995,
            &quot;similarityScore&quot;: 0.0,
            &quot;facilityIds&quot;: [
                2,
                5,
                23,
                38,
                42,
                46,
                49,
                54,
                55,
                57,
                62,
                63,
                65,
                66,
                67,
                69,
                70,
                76,
                77,
                80,
                85,
                94,
                97,
                98,
                99,
                100,
                101,
                103,
                108,
                120,
                8000,
                8007,
                8008,
                8009,
                8010,
                8011,
                8012,
                8016,
                8017,
                8023
            ],
            &quot;review&quot;: {
                &quot;hotelId&quot;: 1132363,
                &quot;count&quot;: 3852,
                &quot;name&quot;: &quot;The Westin Chennai Velachery&quot;,
                &quot;sourcesCount&quot;: 22,
                &quot;score&quot;: 8.7,
                &quot;scoreDescription&quot;: {
                    &quot;en&quot;: &quot;Excellent&quot;,
                    &quot;ar&quot;: &quot;?????&quot;
                },
                &quot;scoreColor&quot;: &quot;#129911&quot;
            },
            &quot;topPicks&quot;: null
        },
        &quot;1450060&quot;: {
            &quot;atgHotelId&quot;: 1450060,
            &quot;chainBrandId&quot;: 513,
            &quot;hotelChainId&quot;: 257,
            &quot;propertyTypeId&quot;: 17,
            &quot;name&quot;: {
                &quot;en&quot;: &quot;V7 Hotel&quot;,
                &quot;ar&quot;: &quot;??7 ????&quot;
            },
            &quot;starRating&quot;: 3,
            &quot;thumbnailUrl&quot;: &quot;https://s3-eu-west-1.amazonaws.com/tjwlhotelcms/hotel_cms_data_live/hotel_images/6840545/a_1.jpg&quot;,
            &quot;area&quot;: null,
            &quot;rank&quot;: 771,
            &quot;longitude&quot;: 80.145365,
            &quot;latitude&quot;: 13.036348,
            &quot;distance&quot;: 15.0,
            &quot;distanceInMeters&quot;: 14527.0,
            &quot;address&quot;: {
[...]
                5,
                23,
                37,
                40,
                42,
                43,
                54,
                55,
                62,
                63,
                65,
                66,
                67,
                69,
                70,
                76,
                77,
                80,
                85,
                87,
                97,
                98,
                99,
                101,
                103,
                108,
                109,
                120,
                122,
                8000,
                8002,
                8007,
                8008,
                8011,
                8012,
                8016,
                8023
            ],
            &quot;review&quot;: {
                &quot;hotelId&quot;: 1036796,
                &quot;count&quot;: 7261,
                &quot;name&quot;: &quot;The Park Hotel Chennai&quot;,
                &quot;sourcesCount&quot;: 28,
                &quot;score&quot;: 8.0,
                &quot;scoreDescription&quot;: {
                    &quot;en&quot;: &quot;Very good&quot;,
                    &quot;ar&quot;: &quot;??? ???&quot;
                },
                &quot;scoreColor&quot;: &quot;#71BC4C&quot;
            },
            &quot;topPicks&quot;: null
        },
        &quot;1144292&quot;: {
            &quot;atgHotelId&quot;: 1144292,
            &quot;chainBrandId&quot;: 513,
            &quot;hotelChainId&quot;: 257,
            &quot;propertyTypeId&quot;: 17,
            &quot;name&quot;: {
                &quot;en&quot;: &quot;Hotel Pratap Plaza&quot;,
                &quot;ar&quot;: &quot;?????? ?????&quot;
            },
            &quot;starRating&quot;: 3,
            &quot;thumbnailUrl&quot;: &quot;https://s3-eu-west-1.amazonaws.com/tjwlhotelcms/hotel_cms_data_live/hotel_images/4533023/0_1.jpg&quot;,
            &quot;area&quot;: {
                &quot;id&quot;: 12172,
                &quot;nameEn&quot;: &quot;Nungambakkam&quot;,
                &quot;nameAr&quot;: &quot;???????????&quot;
            },
            &quot;rank&quot;: 769,
            &quot;longitude&quot;: 80.234091,
            &quot;latitude&quot;: 13.053886,
            &quot;distance&quot;: 5.1,
            &quot;distanceInMeters&quot;: 5099.599999999999,
            &quot;address&quot;: {
                &quot;en&quot;: &quot;168, Kodambakkam High Road, Mahalingapuram, Egmore-Nungambakam, 600034 Chennai, India&quot;,
                &quot;ar&quot;: &quot;168, Kodambakkam High Road, Mahalingapuram, Egmore-Nungambakam, 600034 (???????, ?????)&quot;
            },
            &quot;distanceScore&quot;: 0.886676,
            &quot;priorityScore&quot;: 0.3845,
            &quot;similarityScore&quot;: 0.0,
            &quot;facilityIds&quot;: [
                54,
                55,
                63,
                65,
                69,
                77,
                80,
                97,
                99,
                100,
                101,
                103
            ],
            &quot;review&quot;: {
                &quot;hotelId&quot;: 1144292,
                &quot;count&quot;: 222,
                &quot;name&quot;: &quot;Pratap Plaza Hotel&quot;,
                &quot;sourcesCount&quot;: 5,
                &quot;score&quot;: 8.4,
                &quot;scoreDescription&quot;: {
                    &quot;en&quot;: &quot;Very good&quot;,
                    &quot;ar&quot;: &quot;??? ???&quot;
                },
                &quot;scoreColor&quot;: &quot;#71BC4C&quot;
            },
            &quot;topPicks&quot;: null
        },
        &quot;1144296&quot;: {
            &quot;atgHotelId&quot;: 1144296,
            &quot;chainBrandId&quot;: 238,
            &quot;hotelChainId&quot;: 69,
            &quot;propertyTypeId&quot;: 17,
            &quot;name&quot;: {
                &quot;en&quot;: &quot;The Gateway Hotel IT Expressway Chennai&quot;,
                &quot;ar&quot;: &quot;??·?????? ???? ?? ?? ????????? ??????&quot;
            },
            &quot;starRating&quot;: 5,
            &quot;thumbnailUrl&quot;: &quot;https://s3-eu-west-1.amazonaws.com/tjwlhotelcms/hotel_cms_data_live/hotel_images/4533032/images_1.jpg&quot;,
            &quot;area&quot;: null,
            &quot;rank&quot;: 807,
            &quot;longitude&quot;: 80.228148,
            &quot;latitude&quot;: 12.905474,
            &quot;distance&quot;: 20.0,
            &quot;distanceInMeters&quot;: 20242.899999999998,
            &quot;address&quot;: {
                &quot;en&quot;: &quot;309 Old Mahabalipuram Road, Sholinganallur, 600119 Chennai, India&quot;,
                &quot;ar&quot;: &quot;309 Old Mahabalipuram Road, Sholinganallur, 600119 (???????, ?????)&quot;
            },
            &quot;distanceScore&quot;: 0.550158,
            &quot;priorityScore&quot;: 0.4035,
            &quot;similarityScore&quot;: 0.0,
            &quot;facilityIds&quot;: [
                5,
                37,
                38,
                42,
                43,
                54,
                55,
                57,
                62,
                66,
                67,
                76,
                77,
                80,
                85,
                87,
                94,
                97,
                100,
                101,
                103,
                108,
                120,
                8002,
                8007,
                8008,
                8009,
                8010,
                8011
            ],
            &quot;review&quot;: {
                &quot;hotelId&quot;: 1144296,
                &quot;count&quot;: 5513,
                &quot;name&quot;: &quot;The Gateway Hotel IT Expressway Chennai&quot;,
                &quot;sourcesCount&quot;: 19,
                &quot;score&quot;: 8.7,
                &quot;scoreDescription&quot;: {
                    &quot;en&quot;: &quot;Excellent&quot;,
                    &quot;ar&quot;: &quot;?????&quot;
                },
                &quot;scoreColor&quot;: &quot;#129911&quot;
            },
            &quot;topPicks&quot;: null
        },
        &quot;1275241&quot;: {
            &quot;atgHotelId&quot;: 1275241,
            &quot;chainBrandId&quot;: 200,
            &quot;hotelChainId&quot;: 188,
            &quot;propertyTypeId&quot;: 17,
            &quot;name&quot;: {
                &quot;en&quot;: &quot;Ramada Chennai Egmore&quot;,
                &quot;ar&quot;: &quot;????? ????? ?????&quot;
            },
            &quot;starRating&quot;: 5,
            &quot;thumbnailUrl&quot;: &quot;https://s3-eu-west-1.amazonaws.com/tjwlhotelcms/hotel_cms_data_live/hotel_images/5144930/1_1.jpg&quot;,
            &quot;area&quot;: {
                &quot;id&quot;: 12164,
                &quot;nameEn&quot;: &quot;Egmore&quot;,
                &quot;nameAr&quot;: &quot;??????&quot;
            },
            &quot;rank&quot;: 794,
            &quot;longitude&quot;: 80.26438,
            &quot;latitude&quot;: 13.078428,
            &quot;distance&quot;: 0.83,
            &quot;distanceInMeters&quot;: 834.0,
            &quot;address&quot;: {
                &quot;en&quot;: &quot;2A, Ponniamman Koil Street, Near Gandhi Irwin Bridge Road Next To Cmda Building, Egmore, 600008 Chennai, India&quot;,
                &quot;ar&quot;: &quot;2A, Ponniamman Koil Street, Near Gandhi Irwin Bridge Road Next To Cmda Building, Egmore, 600008 (???????, ?????)&quot;
            },
            &quot;distanceScore&quot;: 0.981467,
            &quot;priorityScore&quot;: 0.397,
            &quot;similarityScore&quot;: 0.0,
            &quot;facilityIds&quot;: [
                5,
                37,
                40,
                42,
                43,
                51,
                54,
                55,
                57,
                62,
                63,
                65,
                66,
                67,
                69,
                70,
                76,
                77,
                80,
                85,
                87,
                88,
                97,
                99,
                101,
                103,
                108,
                120,
                122,
                125,
                8000,
                8002,
                8007,
                8008,
                8009,
                8010,
                8011,
                8023
            ],
            &quot;review&quot;: {
                &quot;hotelId&quot;: 1275241,
                &quot;count&quot;: 3775,
                &quot;name&quot;: &quot;Ramada Chennai Egmore&quot;,
                &quot;sourcesCount&quot;: 16,
                &quot;score&quot;: 8.2,
                &quot;scoreDescription&quot;: {
                    &quot;en&quot;: &quot;Very good&quot;,
                    &quot;ar&quot;: &quot;??? ???&quot;
                },
                &quot;scoreColor&quot;: &quot;#71BC4C&quot;
            },
            &quot;topPicks&quot;: null
        },
        &quot;1106924&quot;: {
            &quot;atgHotelId&quot;: 1106924,
            &quot;chainBrandId&quot;: 117,
            &quot;hotelChainId&quot;: 181,
            &quot;propertyTypeId&quot;: 17,
            &quot;name&quot;: {
                &quot;en&quot;: &quot;Park Hyatt Chennai&quot;,
                &quot;ar&quot;: &quot;???? ???? ?????&quot;
            },
            &quot;starRating&quot;: 5,
            &quot;thumbnailUrl&quot;: &quot;https://s3-eu-west-1.amazonaws.com/tjwlhotelcms/hotel_cms_data_live/hotel_images/4401538/zzz_1.jpg&quot;,
            &quot;area&quot;: {
                &quot;id&quot;: 12173,
                &quot;nameEn&quot;: &quot;Little Mount&quot;,
                &quot;nameAr&quot;: &quot;???? ?????&quot;
            },
            &quot;rank&quot;: 810,
            &quot;longitude&quot;: 80.223219,
            &quot;latitude&quot;: 13.010699,
            &quot;distance&quot;: 9.5,
            &quot;distanceInMeters&quot;: 9517.9,
            &quot;address&quot;: {
                &quot;en&quot;: &quot;39 Velachery Road, Near Raj Bhavan, Guindy, 600052 Chennai, India&quot;,
                &quot;ar&quot;: &quot;39 Velachery Road, Near Raj Bhavan, Guindy, 600052  (???????, ?????)&quot;
            },
            &quot;distanceScore&quot;: 0.788491,
            &quot;priorityScore&quot;: 0.405,
            &quot;similarityScore&quot;: 0.0,
            &quot;facilityIds&quot;: [
                5,
                23,
                38,
                40,
                42,
                43,
                46,
                49,
                51,
                54,
                55,
                57,
                63,
                65,
                66,
                67,
                69,
                70,
                76,
                77,
                80,
                82,
                87,
                94,
                97,
                98,
                99,
                101,
                103,
                108,
                109,
                120,
                8000,
                8002,
                8007,
                8008,
                8009,
                8010,
                8011,
                8012,
                8016,
                8017,
                8023
            ],
            &quot;review&quot;: {
                &quot;hotelId&quot;: 1106924,
                &quot;count&quot;: 3824,
                &quot;name&quot;: &quot;Park Hyatt Chennai&quot;,
                &quot;sourcesCount&quot;: 19,
                &quot;score&quot;: 9.0,
                &quot;scoreDescription&quot;: {
                    &quot;en&quot;: &quot;Excellent&quot;,
                    &quot;ar&quot;: &quot;?????&quot;
                },
                &quot;scoreColor&quot;: &quot;#129911&quot;
            },
            &quot;topPicks&quot;: null
        },
        &quot;1144303&quot;: {
            &quot;atgHotelId&quot;: 1144303,
            &quot;chainBrandId&quot;: 513,
            &quot;hotelChainId&quot;: 257,
            &quot;propertyTypeId&quot;: 17,
            &quot;name&quot;: {
                &quot;en&quot;: &quot;E Hotel&quot;,
                &quot;ar&quot;: &quot;?? ????&quot;
            },
            &quot;starRating&quot;: 4,
            &quot;thumbnailUrl&quot;: &quot;https://hotelcmsimages.s3-eu-west-1.amazonaws.com/hotel/hotels/7000000/6370000/6360800/6360750/73f0133a_z.jpg&quot;,
            &quot;area&quot;: {
                &quot;id&quot;: 12169,
                &quot;nameEn&quot;: &quot;Royapettah&quot;,
                &quot;nameAr&quot;: &quot;????????&quot;
            },
            &quot;rank&quot;: 779,
            &quot;longitude&quot;: 80.262741,
            &quot;latitude&quot;: 13.058566,
            &quot;distance&quot;: 2.8,
            &quot;distanceInMeters&quot;: 2818.0,
            &quot;address&quot;: {
                &quot;en&quot;: &quot;Express Avenue Mall, Gate # 1, Patullos Road&quot;,
                &quot;ar&quot;: &quot;Express Avenue Mall, Gate # 1, Patullos Road&quot;
            },
            &quot;distanceScore&quot;: 0.937378,
            &quot;priorityScore&quot;: 0.3895,
            &quot;similarityScore&quot;: 0.0,
            &quot;facilityIds&quot;: [
                2,
                5,
                6,
                38,
                54,
                55,
                57,
                59,
                62,
                63,
                66,
                67,
                69,
                70,
                75,
                76,
                77,
                80,
                85,
                87,
                94,
                97,
                98,
                99,
                101,
                103,
                120,
                122,
                125,
                8000,
                8002,
                8007,
                8008,
                8009,
                8010,
                8011,
                8012,
                8016,
                8023
            ],
            &quot;review&quot;: {
                &quot;hotelId&quot;: 1144303,
                &quot;count&quot;: 727,
                &quot;name&quot;: &quot;E Hotel&quot;,
                &quot;sourcesCount&quot;: 12,
                &quot;score&quot;: 8.4,
                &quot;scoreDescription&quot;: {
                    &quot;en&quot;: &quot;Very good&quot;,
                    &quot;ar&quot;: &quot;??? ???&quot;
                },
                &quot;scoreColor&quot;: &quot;#71BC4C&quot;
            },
            &quot;topPicks&quot;: null
        },
        &quot;1163374&quot;: {
            &quot;atgHotelId&quot;: 1163374,
            &quot;chainBrandId&quot;: 513,
            &quot;hotelChainId&quot;: 257,
            &quot;propertyTypeId&quot;: 17,
            &quot;name&quot;: {
                &quot;en&quot;: &quot;VGP Golden Beach Resort&quot;,
                &quot;ar&quot;: &quot;????? ?? ?? ?? ????? ????&quot;
            },
            &quot;starRating&quot;: 4,
            &quot;thumbnailUrl&quot;: &quot;https://s3-eu-west-1.amazonaws.com/tjwlhotelcms/hotel_cms_data_live/hotel_images/4647265/a.jpg&quot;,
            &quot;area&quot;: null,
            &quot;rank&quot;: 767,
            &quot;longitude&quot;: 80.250478,
            &quot;latitude&quot;: 12.915486,
            &quot;distance&quot;: 19.0,
            &quot;distanceInMeters&quot;: 18725.4,
            &quot;address&quot;: {
                &quot;en&quot;: &quot;No. 5/159, East coast Road, Injambakkam, 600115 Chennai, India&quot;,
                &quot;ar&quot;: &quot;No. 5/159, East coast Road, Injambakkam, 600115 (???????, ?????)&quot;
            },
            &quot;distanceScore&quot;: 0.58388,
            &quot;priorityScore&quot;: 0.3835,
            &quot;similarityScore&quot;: 0.0,
            &quot;facilityIds&quot;: [
                5,
                24,
                34,
                37,
                42,
                43,
                51,
                54,
                55,
                57,
                59,
                62,
                63,
                65,
                67,
                69,
                70,
                76,
                77,
                80,
                82,
                88,
                97,
                99,
                108,
                112,
                120
            ],
            &quot;review&quot;: {
                &quot;hotelId&quot;: 1163374,
                &quot;count&quot;: 2527,
                &quot;name&quot;: &quot;VGP Golden Beach Resort&quot;,
                &quot;sourcesCount&quot;: 16,
                &quot;score&quot;: 7.7,
                &quot;scoreDescription&quot;: {
                    &quot;en&quot;: &quot;Very good&quot;,
                    &quot;ar&quot;: &quot;??? ???&quot;
                },
                &quot;scoreColor&quot;: &quot;#71BC4C&quot;
            },
            &quot;topPicks&quot;: null
        }
    },
    &quot;distanceDetails&quot;: {
        &quot;en&quot;: &quot; km from city center of Chennai&quot;,
        &quot;ar&quot;: &quot; ?? ?? ???? ????? ???????&quot;
    },
    &quot;pagination&quot;: {
        &quot;nextPageId&quot;: &quot;CwEBAAABsQ0mD1UqKkAOh9iq2LTZitmG2KfZikNoZW5uYelsb2NhbGl0-QE7m0RzUxFUQAFkAWQBkL8FAQABAA==&quot;,
        &quot;pageNo&quot;: 1,
        &quot;pageSize&quot;: 50,
        &quot;totalResultsCount&quot;: 855
    },
    &quot;geoCoordinate&quot;: {
        &quot;latitude&quot;: 13.0826802,
        &quot;longitude&quot;: 80.2707184,
        &quot;radiusInMeters&quot;: 45000
    }
}
    &amp;#27;[32mGiven &amp;#27;[0m&amp;#27;[32mI want fetch the hotel details for the &amp;#27;[0m&amp;#27;[32m&amp;#27;[1m&quot;CHENNAI&quot;&amp;#27;[0m&amp;#27;[32m with &amp;#27;[0m&amp;#27;[32m&amp;#27;[1m&quot;&quot;&amp;#27;[0m &amp;#27;[90m# HotelDetailsSteps.callHotelDetails(String,String)&amp;#27;[0m
    &amp;#27;[32mThen &amp;#27;[0m&amp;#27;[32mValidate response status code as &amp;#27;[0m&amp;#27;[32m&amp;#27;[1m&quot;200&quot;&amp;#27;[0m                    &amp;#27;[90m# HotelDetailsSteps.validateStatusCode(String)&amp;#27;[0m
    &amp;#27;[31mThen &amp;#27;[0m&amp;#27;[31mValidate pagesize &amp;#27;[0m&amp;#27;[31m&amp;#27;[1m&quot;&quot;&amp;#27;[0m&amp;#27;[31m in response&amp;#27;[0m                          &amp;#27;[90m# HotelDetailsSteps.validatePageSizeInResponse(String)&amp;#27;[0m
      &amp;#27;[31mjava.lang.NumberFormatException: For input string: &quot;&quot;
	at java.lang.NumberFormatException.forInputString(NumberFormatException.java:65)
	at java.lang.Integer.parseInt(Integer.java:592)
	at java.lang.Integer.parseInt(Integer.java:615)
	at com.tajawal.step.definition.HotelDetailsSteps.validatePageSizeInResponse(HotelDetailsSteps.java:61)
	at ?.Validate pagesize &quot;&quot; in response(file:src/main/resources/features/HotelDetails.feature:29)
&amp;#27;[0m
    &amp;#27;[36mThen &amp;#27;[0m&amp;#27;[36mValidate the hotelname in arabic&amp;#27;[0m                          &amp;#27;[90m# HotelDetailsSteps.validateArabicLanguage()&amp;#27;[0m
</system-out>
  </testcase>
  <testcase classname="As a user i want to fetch Hotel Details for a given city" name="Test the error scenarios with invalid dataset" time="0.147"/>
  <testcase classname="As a user i want to fetch Hotel Details for a given city" name="Test the error scenarios with invalid dataset" time="0.506"/>
  <testcase classname="As a user i want to fetch Hotel Details for a given city" name="Test the error scenarios with invalid dataset" time="0.432"/>
  <testcase classname="As a user i want to fetch Hotel Details for a given city" name="Test the error scenarios with invalid dataset" time="0.519"/>
</testsuite>